Using pre-set license
Built from '2021.1/staging' branch; Version is '2021.1.5f1 (3737af19df53) revision 3618735'; Using compiler version '192528614'; Build Type 'Release'
OS: 'Windows 10 Pro; OS build 19042.1348; Version 2009; 64bit' Language: 'en' Physical Memory: 16379 MB
BatchMode: 1, IsHumanControllingUs: 0, StartBugReporterOnCrash: 0, Is64bit: 1, IsPro: 0

 COMMAND LINE ARGUMENTS:
G:\Unity\2021.1.5f1\Editor\Unity.exe
-adb2
-batchMode
-noUpm
-name
AssetImportWorker4
-projectPath
G:/Unity Projects/Ugolki
-logFile
Logs/AssetImportWorker4.log
-srvPort
51119
Successfully changed project path to: G:/Unity Projects/Ugolki
G:/Unity Projects/Ugolki
Using Asset Import Pipeline V2.
Refreshing native plugins compatible for Editor in 169.40 ms, found 2 plugins.
Preloading 0 native plugins for Editor in 0.00 ms.
Initialize engine version: 2021.1.5f1 (3737af19df53)
[Subsystems] Discovering subsystems at path G:/Unity/2021.1.5f1/Editor/Data/Resources/UnitySubsystems
[Subsystems] Discovering subsystems at path G:/Unity Projects/Ugolki/Assets
GfxDevice: creating device client; threaded=0; jobified=0
Direct3D:
    Version:  Direct3D 11.0 [level 11.1]
    Renderer: NVIDIA GeForce GTX 1060 6GB (ID=0x1c03)
    Vendor:   NVIDIA
    VRAM:     6052 MB
    Driver:   27.21.14.6079
Initialize mono
Mono path[0] = 'G:/Unity/2021.1.5f1/Editor/Data/Managed'
Mono path[1] = 'G:/Unity/2021.1.5f1/Editor/Data/MonoBleedingEdge/lib/mono/unityjit'
Mono config path = 'G:/Unity/2021.1.5f1/Editor/Data/MonoBleedingEdge/etc'
Using monoOptions --debugger-agent=transport=dt_socket,embedding=1,server=y,suspend=n,address=127.0.0.1:56868
Begin MonoManager ReloadAssembly
Registering precompiled unity dll's ...
Register platform support module: G:/Unity/2021.1.5f1/Editor/Data/PlaybackEngines/WebGLSupport/UnityEditor.WebGL.Extensions.dll
Register platform support module: G:/Unity/2021.1.5f1/Editor/Data/PlaybackEngines/WindowsStandaloneSupport/UnityEditor.WindowsStandalone.Extensions.dll
Registered in 0.002838 seconds.
Native extension for WindowsStandalone target not found
Native extension for WebGL target not found
Refreshing native plugins compatible for Editor in 170.99 ms, found 2 plugins.
Preloading 0 native plugins for Editor in 0.00 ms.
Mono: successfully reloaded assembly
- Completed reload, in  2.825 seconds
Platform modules already initialized, skipping
Registering precompiled user dll's ...
Registered in 0.004939 seconds.
Begin MonoManager ReloadAssembly
Native extension for WindowsStandalone target not found
Native extension for WebGL target not found
Refreshing native plugins compatible for Editor in 185.20 ms, found 2 plugins.
Preloading 0 native plugins for Editor in 0.00 ms.
Mono: successfully reloaded assembly
- Completed reload, in  2.427 seconds
Platform modules already initialized, skipping
========================================================================
Worker process is ready to serve import requests
Launched and connected shader compiler UnityShaderCompiler.exe after 0.30 seconds
Refreshing native plugins compatible for Editor in 0.95 ms, found 2 plugins.
Preloading 0 native plugins for Editor in 0.00 ms.
Unloading 3387 Unused Serialized files (Serialized files now loaded: 0)
System memory in use before: 128.3 MB.
System memory in use after: 128.4 MB.

Unloading 29 unused Assets to reduce memory usage. Loaded Objects now: 3841.
Total: 4.166100 ms (FindLiveObjects: 0.381100 ms CreateObjectMapping: 0.212800 ms MarkObjects: 3.401400 ms  DeleteObjects: 0.168800 ms)

========================================================================
Received Import Request.
  path: Assets/Scripts/GameLauncher.cs
  artifactKey: Guid(a9f69bcf65cd9d242b1b8b34394a6d95) Importer(815301076,1909f56bfc062723c751e8b465ee728b)
Start importing Assets/Scripts/GameLauncher.cs using Guid(a9f69bcf65cd9d242b1b8b34394a6d95) Importer(815301076,1909f56bfc062723c751e8b465ee728b)  -> (artifact id: '1dc5e77101a5572484849bb53e6a5e64') in 0.285138 seconds 
========================================================================
Received Prepare
Registering precompiled user dll's ...
Registered in 0.069091 seconds.
Begin MonoManager ReloadAssembly
Native extension for WindowsStandalone target not found
Native extension for WebGL target not found
Refreshing native plugins compatible for Editor in 0.99 ms, found 2 plugins.
Preloading 0 native plugins for Editor in 0.00 ms.
Mono: successfully reloaded assembly
- Completed reload, in  2.240 seconds
Platform modules already initialized, skipping
Refreshing native plugins compatible for Editor in 0.98 ms, found 2 plugins.
Preloading 0 native plugins for Editor in 0.00 ms.
Unloading 3382 Unused Serialized files (Serialized files now loaded: 0)
System memory in use before: 128.3 MB.
System memory in use after: 128.4 MB.

Unloading 17 unused Assets to reduce memory usage. Loaded Objects now: 3845.
Total: 27.269400 ms (FindLiveObjects: 0.387800 ms CreateObjectMapping: 0.206800 ms MarkObjects: 26.510900 ms  DeleteObjects: 0.161600 ms)

========================================================================
Received Import Request.
  Time since last request: 8222.268825 seconds.
  path: Assets/Prefabs/TestUIObect.prefab
  artifactKey: Guid(2bde85bdcb0ab5842a61c9b20f368435) Importer(815301076,1909f56bfc062723c751e8b465ee728b)
Start importing Assets/Prefabs/TestUIObect.prefab using Guid(2bde85bdcb0ab5842a61c9b20f368435) Importer(815301076,1909f56bfc062723c751e8b465ee728b)  -> (artifact id: '52a94c8cd9d30040ebea9fe8b4feb256') in 0.071000 seconds 
========================================================================
Received Import Request.
  Time since last request: 0.000407 seconds.
  path: Assets/Prefabs/UIGameStartMenu.prefab
  artifactKey: Guid(771712568b8dad64babde3c02b147b84) Importer(815301076,1909f56bfc062723c751e8b465ee728b)
Start importing Assets/Prefabs/UIGameStartMenu.prefab using Guid(771712568b8dad64babde3c02b147b84) Importer(815301076,1909f56bfc062723c751e8b465ee728b)  -> (artifact id: '3b3b17f45dd28675caf059bda850cec7') in 0.114662 seconds 
========================================================================
Received Prepare
Registering precompiled user dll's ...
Registered in 0.004781 seconds.
Begin MonoManager ReloadAssembly
Native extension for WindowsStandalone target not found
Native extension for WebGL target not found
Refreshing native plugins compatible for Editor in 1.46 ms, found 2 plugins.
Preloading 0 native plugins for Editor in 0.00 ms.
Mono: successfully reloaded assembly
- Completed reload, in  2.232 seconds
Platform modules already initialized, skipping
Refreshing native plugins compatible for Editor in 1.00 ms, found 2 plugins.
Preloading 0 native plugins for Editor in 0.00 ms.
Unloading 3382 Unused Serialized files (Serialized files now loaded: 0)
System memory in use before: 128.5 MB.
System memory in use after: 128.6 MB.

Unloading 20 unused Assets to reduce memory usage. Loaded Objects now: 3851.
Total: 4.125800 ms (FindLiveObjects: 0.393400 ms CreateObjectMapping: 0.209900 ms MarkObjects: 3.371400 ms  DeleteObjects: 0.149200 ms)

========================================================================
Received Prepare
Registering precompiled user dll's ...
Registered in 0.004506 seconds.
Begin MonoManager ReloadAssembly
Native extension for WindowsStandalone target not found
Native extension for WebGL target not found
Refreshing native plugins compatible for Editor in 1.41 ms, found 2 plugins.
Preloading 0 native plugins for Editor in 0.00 ms.
Mono: successfully reloaded assembly
- Completed reload, in  2.165 seconds
Platform modules already initialized, skipping
Refreshing native plugins compatible for Editor in 0.99 ms, found 2 plugins.
Preloading 0 native plugins for Editor in 0.00 ms.
Unloading 3382 Unused Serialized files (Serialized files now loaded: 0)
System memory in use before: 128.5 MB.
System memory in use after: 128.6 MB.

Unloading 17 unused Assets to reduce memory usage. Loaded Objects now: 3855.
Total: 4.602300 ms (FindLiveObjects: 0.394800 ms CreateObjectMapping: 0.228700 ms MarkObjects: 3.834200 ms  DeleteObjects: 0.142500 ms)

========================================================================
Received Prepare
Registering precompiled user dll's ...
Registered in 0.006235 seconds.
Begin MonoManager ReloadAssembly
Native extension for WindowsStandalone target not found
Native extension for WebGL target not found
Refreshing native plugins compatible for Editor in 1.00 ms, found 2 plugins.
Preloading 0 native plugins for Editor in 0.00 ms.
Mono: successfully reloaded assembly
- Completed reload, in  2.172 seconds
Platform modules already initialized, skipping
Refreshing native plugins compatible for Editor in 1.37 ms, found 2 plugins.
Preloading 0 native plugins for Editor in 0.00 ms.
Unloading 3382 Unused Serialized files (Serialized files now loaded: 0)
System memory in use before: 128.5 MB.
System memory in use after: 128.6 MB.

Unloading 17 unused Assets to reduce memory usage. Loaded Objects now: 3859.
Total: 4.569700 ms (FindLiveObjects: 0.371100 ms CreateObjectMapping: 0.202000 ms MarkObjects: 3.859100 ms  DeleteObjects: 0.135200 ms)

========================================================================
Received Prepare
Registering precompiled user dll's ...
Registered in 0.005229 seconds.
Begin MonoManager ReloadAssembly
Native extension for WindowsStandalone target not found
Native extension for WebGL target not found
Refreshing native plugins compatible for Editor in 0.90 ms, found 2 plugins.
Preloading 0 native plugins for Editor in 0.00 ms.
Mono: successfully reloaded assembly
- Completed reload, in  1.835 seconds
Platform modules already initialized, skipping
Refreshing native plugins compatible for Editor in 0.96 ms, found 2 plugins.
Preloading 0 native plugins for Editor in 0.00 ms.
Unloading 3382 Unused Serialized files (Serialized files now loaded: 0)
System memory in use before: 128.5 MB.
System memory in use after: 128.6 MB.

Unloading 17 unused Assets to reduce memory usage. Loaded Objects now: 3863.
Total: 6.034400 ms (FindLiveObjects: 0.390900 ms CreateObjectMapping: 0.187000 ms MarkObjects: 5.282200 ms  DeleteObjects: 0.172100 ms)

========================================================================
Received Prepare
Registering precompiled user dll's ...
Registered in 0.004437 seconds.
Begin MonoManager ReloadAssembly
Native extension for WindowsStandalone target not found
Native extension for WebGL target not found
Refreshing native plugins compatible for Editor in 0.97 ms, found 2 plugins.
Preloading 0 native plugins for Editor in 0.00 ms.
Mono: successfully reloaded assembly
- Completed reload, in  1.886 seconds
Platform modules already initialized, skipping
Refreshing native plugins compatible for Editor in 1.01 ms, found 2 plugins.
Preloading 0 native plugins for Editor in 0.00 ms.
Unloading 3382 Unused Serialized files (Serialized files now loaded: 0)
System memory in use before: 128.5 MB.
System memory in use after: 128.6 MB.

Unloading 17 unused Assets to reduce memory usage. Loaded Objects now: 3867.
Total: 3.740200 ms (FindLiveObjects: 0.383500 ms CreateObjectMapping: 0.186000 ms MarkObjects: 3.034700 ms  DeleteObjects: 0.134000 ms)

========================================================================
Received Prepare
Registering precompiled user dll's ...
Registered in 0.005247 seconds.
Begin MonoManager ReloadAssembly
Native extension for WindowsStandalone target not found
Native extension for WebGL target not found
Refreshing native plugins compatible for Editor in 1.00 ms, found 2 plugins.
Preloading 0 native plugins for Editor in 0.00 ms.
Mono: successfully reloaded assembly
- Completed reload, in  1.934 seconds
Platform modules already initialized, skipping
Refreshing native plugins compatible for Editor in 1.51 ms, found 2 plugins.
Preloading 0 native plugins for Editor in 0.00 ms.
Unloading 3382 Unused Serialized files (Serialized files now loaded: 0)
System memory in use before: 128.6 MB.
System memory in use after: 128.7 MB.

Unloading 17 unused Assets to reduce memory usage. Loaded Objects now: 3871.
Total: 4.908800 ms (FindLiveObjects: 0.411600 ms CreateObjectMapping: 0.210400 ms MarkObjects: 4.147800 ms  DeleteObjects: 0.136600 ms)

========================================================================
Received Prepare
Registering precompiled user dll's ...
Registered in 0.004437 seconds.
Begin MonoManager ReloadAssembly
Native extension for WindowsStandalone target not found
Native extension for WebGL target not found
Refreshing native plugins compatible for Editor in 0.95 ms, found 2 plugins.
Preloading 0 native plugins for Editor in 0.00 ms.
Mono: successfully reloaded assembly
- Completed reload, in  1.960 seconds
Platform modules already initialized, skipping
Refreshing native plugins compatible for Editor in 1.17 ms, found 2 plugins.
Preloading 0 native plugins for Editor in 0.00 ms.
Unloading 3382 Unused Serialized files (Serialized files now loaded: 0)
System memory in use before: 128.6 MB.
System memory in use after: 128.7 MB.

Unloading 17 unused Assets to reduce memory usage. Loaded Objects now: 3875.
Total: 4.270700 ms (FindLiveObjects: 0.381400 ms CreateObjectMapping: 0.243100 ms MarkObjects: 3.511400 ms  DeleteObjects: 0.132800 ms)

========================================================================
Received Prepare
Registering precompiled user dll's ...
Registered in 0.005594 seconds.
Begin MonoManager ReloadAssembly
Native extension for WindowsStandalone target not found
Native extension for WebGL target not found
Refreshing native plugins compatible for Editor in 0.95 ms, found 2 plugins.
Preloading 0 native plugins for Editor in 0.00 ms.
Mono: successfully reloaded assembly
- Completed reload, in  1.801 seconds
Platform modules already initialized, skipping
Refreshing native plugins compatible for Editor in 1.02 ms, found 2 plugins.
Preloading 0 native plugins for Editor in 0.00 ms.
Unloading 3382 Unused Serialized files (Serialized files now loaded: 0)
System memory in use before: 128.6 MB.
System memory in use after: 128.7 MB.

Unloading 17 unused Assets to reduce memory usage. Loaded Objects now: 3879.
Total: 3.841900 ms (FindLiveObjects: 0.334900 ms CreateObjectMapping: 0.181200 ms MarkObjects: 3.192600 ms  DeleteObjects: 0.131400 ms)

========================================================================
Received Prepare
Registering precompiled user dll's ...
Registered in 0.004339 seconds.
Begin MonoManager ReloadAssembly
Native extension for WindowsStandalone target not found
Native extension for WebGL target not found
Refreshing native plugins compatible for Editor in 1.66 ms, found 2 plugins.
Preloading 0 native plugins for Editor in 0.00 ms.
Mono: successfully reloaded assembly
- Completed reload, in  2.012 seconds
Platform modules already initialized, skipping
Refreshing native plugins compatible for Editor in 1.04 ms, found 2 plugins.
Preloading 0 native plugins for Editor in 0.00 ms.
Unloading 3382 Unused Serialized files (Serialized files now loaded: 0)
System memory in use before: 128.6 MB.
System memory in use after: 128.7 MB.

Unloading 17 unused Assets to reduce memory usage. Loaded Objects now: 3883.
Total: 4.482600 ms (FindLiveObjects: 0.364000 ms CreateObjectMapping: 0.203700 ms MarkObjects: 3.782100 ms  DeleteObjects: 0.130800 ms)

========================================================================
Received Prepare
Registering precompiled user dll's ...
Registered in 0.005329 seconds.
Begin MonoManager ReloadAssembly
Native extension for WindowsStandalone target not found
Native extension for WebGL target not found
Refreshing native plugins compatible for Editor in 0.97 ms, found 2 plugins.
Preloading 0 native plugins for Editor in 0.00 ms.
Mono: successfully reloaded assembly
- Completed reload, in  1.792 seconds
Platform modules already initialized, skipping
Refreshing native plugins compatible for Editor in 0.92 ms, found 2 plugins.
Preloading 0 native plugins for Editor in 0.00 ms.
Unloading 3382 Unused Serialized files (Serialized files now loaded: 0)
System memory in use before: 128.6 MB.
System memory in use after: 128.7 MB.

Unloading 17 unused Assets to reduce memory usage. Loaded Objects now: 3887.
Total: 3.899600 ms (FindLiveObjects: 0.348300 ms CreateObjectMapping: 0.188200 ms MarkObjects: 3.215200 ms  DeleteObjects: 0.142800 ms)

========================================================================
Received Prepare
Registering precompiled user dll's ...
Registered in 0.005261 seconds.
Begin MonoManager ReloadAssembly
Native extension for WindowsStandalone target not found
Native extension for WebGL target not found
Refreshing native plugins compatible for Editor in 1.31 ms, found 2 plugins.
Preloading 0 native plugins for Editor in 0.00 ms.
Mono: successfully reloaded assembly
- Completed reload, in  1.759 seconds
Platform modules already initialized, skipping
Refreshing native plugins compatible for Editor in 1.21 ms, found 2 plugins.
Preloading 0 native plugins for Editor in 0.00 ms.
Unloading 3382 Unused Serialized files (Serialized files now loaded: 0)
System memory in use before: 128.6 MB.
System memory in use after: 128.7 MB.

Unloading 17 unused Assets to reduce memory usage. Loaded Objects now: 3891.
Total: 4.150200 ms (FindLiveObjects: 0.368700 ms CreateObjectMapping: 0.321700 ms MarkObjects: 3.319400 ms  DeleteObjects: 0.137900 ms)

========================================================================
Received Prepare
Registering precompiled user dll's ...
Registered in 0.004359 seconds.
Begin MonoManager ReloadAssembly
Native extension for WindowsStandalone target not found
Native extension for WebGL target not found
Refreshing native plugins compatible for Editor in 0.97 ms, found 2 plugins.
Preloading 0 native plugins for Editor in 0.00 ms.
Mono: successfully reloaded assembly
- Completed reload, in  2.161 seconds
Platform modules already initialized, skipping
Refreshing native plugins compatible for Editor in 1.17 ms, found 2 plugins.
Preloading 0 native plugins for Editor in 0.00 ms.
Unloading 3382 Unused Serialized files (Serialized files now loaded: 0)
System memory in use before: 128.6 MB.
System memory in use after: 128.7 MB.

Unloading 17 unused Assets to reduce memory usage. Loaded Objects now: 3895.
Total: 4.190700 ms (FindLiveObjects: 0.394800 ms CreateObjectMapping: 0.211600 ms MarkObjects: 3.438600 ms  DeleteObjects: 0.143500 ms)

========================================================================
Received Prepare
Registering precompiled user dll's ...
Registered in 0.005279 seconds.
Begin MonoManager ReloadAssembly
Native extension for WindowsStandalone target not found
Native extension for WebGL target not found
Refreshing native plugins compatible for Editor in 1.15 ms, found 2 plugins.
Preloading 0 native plugins for Editor in 0.00 ms.
Mono: successfully reloaded assembly
- Completed reload, in  2.120 seconds
Platform modules already initialized, skipping
Refreshing native plugins compatible for Editor in 1.01 ms, found 2 plugins.
Preloading 0 native plugins for Editor in 0.00 ms.
Unloading 3382 Unused Serialized files (Serialized files now loaded: 0)
System memory in use before: 128.6 MB.
System memory in use after: 128.7 MB.

Unloading 17 unused Assets to reduce memory usage. Loaded Objects now: 3899.
Total: 3.765300 ms (FindLiveObjects: 0.360400 ms CreateObjectMapping: 0.210700 ms MarkObjects: 3.059700 ms  DeleteObjects: 0.132600 ms)

========================================================================
Received Prepare
Registering precompiled user dll's ...
Registered in 0.005854 seconds.
Begin MonoManager ReloadAssembly
Native extension for WindowsStandalone target not found
Native extension for WebGL target not found
Refreshing native plugins compatible for Editor in 0.95 ms, found 2 plugins.
Preloading 0 native plugins for Editor in 0.00 ms.
Mono: successfully reloaded assembly
- Completed reload, in  2.022 seconds
Platform modules already initialized, skipping
Refreshing native plugins compatible for Editor in 0.98 ms, found 2 plugins.
Preloading 0 native plugins for Editor in 0.00 ms.
Unloading 3382 Unused Serialized files (Serialized files now loaded: 0)
System memory in use before: 128.6 MB.
System memory in use after: 128.7 MB.

Unloading 17 unused Assets to reduce memory usage. Loaded Objects now: 3903.
Total: 3.777800 ms (FindLiveObjects: 0.367900 ms CreateObjectMapping: 0.202800 ms MarkObjects: 3.071800 ms  DeleteObjects: 0.133100 ms)

========================================================================
Received Prepare
Registering precompiled user dll's ...
Registered in 0.004252 seconds.
Begin MonoManager ReloadAssembly
Native extension for WindowsStandalone target not found
Native extension for WebGL target not found
Refreshing native plugins compatible for Editor in 1.04 ms, found 2 plugins.
Preloading 0 native plugins for Editor in 0.00 ms.
Mono: successfully reloaded assembly
- Completed reload, in  1.754 seconds
Platform modules already initialized, skipping
Refreshing native plugins compatible for Editor in 0.98 ms, found 2 plugins.
Preloading 0 native plugins for Editor in 0.00 ms.
Unloading 3382 Unused Serialized files (Serialized files now loaded: 0)
System memory in use before: 128.6 MB.
System memory in use after: 128.7 MB.

Unloading 17 unused Assets to reduce memory usage. Loaded Objects now: 3907.
Total: 3.641800 ms (FindLiveObjects: 0.364400 ms CreateObjectMapping: 0.203600 ms MarkObjects: 2.936700 ms  DeleteObjects: 0.134800 ms)

========================================================================
Received Prepare
Registering precompiled user dll's ...
Registered in 0.006124 seconds.
Begin MonoManager ReloadAssembly
Native extension for WindowsStandalone target not found
Native extension for WebGL target not found
Refreshing native plugins compatible for Editor in 1.10 ms, found 2 plugins.
Preloading 0 native plugins for Editor in 0.00 ms.
Mono: successfully reloaded assembly
- Completed reload, in  1.903 seconds
Platform modules already initialized, skipping
Refreshing native plugins compatible for Editor in 0.96 ms, found 2 plugins.
Preloading 0 native plugins for Editor in 0.00 ms.
Unloading 3382 Unused Serialized files (Serialized files now loaded: 0)
System memory in use before: 128.6 MB.
System memory in use after: 128.7 MB.

Unloading 17 unused Assets to reduce memory usage. Loaded Objects now: 3911.
Total: 4.909400 ms (FindLiveObjects: 0.373300 ms CreateObjectMapping: 0.215100 ms MarkObjects: 4.101600 ms  DeleteObjects: 0.217400 ms)

========================================================================
Received Prepare
Registering precompiled user dll's ...
Registered in 0.004304 seconds.
Begin MonoManager ReloadAssembly
Native extension for WindowsStandalone target not found
Native extension for WebGL target not found
Refreshing native plugins compatible for Editor in 0.96 ms, found 2 plugins.
Preloading 0 native plugins for Editor in 0.00 ms.
Mono: successfully reloaded assembly
- Completed reload, in  1.792 seconds
Platform modules already initialized, skipping
Refreshing native plugins compatible for Editor in 1.02 ms, found 2 plugins.
Preloading 0 native plugins for Editor in 0.00 ms.
Unloading 3382 Unused Serialized files (Serialized files now loaded: 0)
System memory in use before: 128.6 MB.
System memory in use after: 128.7 MB.

Unloading 17 unused Assets to reduce memory usage. Loaded Objects now: 3915.
Total: 4.330100 ms (FindLiveObjects: 0.351900 ms CreateObjectMapping: 0.230600 ms MarkObjects: 3.609500 ms  DeleteObjects: 0.136100 ms)

========================================================================
Received Prepare
Registering precompiled user dll's ...
Registered in 0.005147 seconds.
Begin MonoManager ReloadAssembly
Native extension for WindowsStandalone target not found
Native extension for WebGL target not found
Refreshing native plugins compatible for Editor in 0.98 ms, found 2 plugins.
Preloading 0 native plugins for Editor in 0.00 ms.
Mono: successfully reloaded assembly
- Completed reload, in  2.085 seconds
Platform modules already initialized, skipping
Refreshing native plugins compatible for Editor in 1.24 ms, found 2 plugins.
Preloading 0 native plugins for Editor in 0.00 ms.
Unloading 3382 Unused Serialized files (Serialized files now loaded: 0)
System memory in use before: 128.6 MB.
System memory in use after: 128.7 MB.

Unloading 17 unused Assets to reduce memory usage. Loaded Objects now: 3919.
Total: 4.208700 ms (FindLiveObjects: 0.417300 ms CreateObjectMapping: 0.210000 ms MarkObjects: 3.322000 ms  DeleteObjects: 0.256800 ms)

========================================================================
Received Prepare
Registering precompiled user dll's ...
Registered in 0.005203 seconds.
Begin MonoManager ReloadAssembly
Native extension for WindowsStandalone target not found
Native extension for WebGL target not found
Refreshing native plugins compatible for Editor in 0.94 ms, found 2 plugins.
Preloading 0 native plugins for Editor in 0.00 ms.
Mono: successfully reloaded assembly
- Completed reload, in  1.967 seconds
Platform modules already initialized, skipping
Refreshing native plugins compatible for Editor in 1.08 ms, found 2 plugins.
Preloading 0 native plugins for Editor in 0.00 ms.
Unloading 3382 Unused Serialized files (Serialized files now loaded: 0)
System memory in use before: 128.7 MB.
System memory in use after: 128.8 MB.

Unloading 17 unused Assets to reduce memory usage. Loaded Objects now: 3923.
Total: 4.589700 ms (FindLiveObjects: 0.371800 ms CreateObjectMapping: 0.206100 ms MarkObjects: 3.867500 ms  DeleteObjects: 0.142000 ms)

========================================================================
Received Prepare
Registering precompiled user dll's ...
Registered in 0.004105 seconds.
Begin MonoManager ReloadAssembly
Native extension for WindowsStandalone target not found
Native extension for WebGL target not found
Refreshing native plugins compatible for Editor in 0.97 ms, found 2 plugins.
Preloading 0 native plugins for Editor in 0.00 ms.
Mono: successfully reloaded assembly
- Completed reload, in  2.166 seconds
Platform modules already initialized, skipping
Refreshing native plugins compatible for Editor in 1.04 ms, found 2 plugins.
Preloading 0 native plugins for Editor in 0.00 ms.
Unloading 3382 Unused Serialized files (Serialized files now loaded: 0)
System memory in use before: 128.7 MB.
System memory in use after: 128.8 MB.

Unloading 17 unused Assets to reduce memory usage. Loaded Objects now: 3927.
Total: 4.561400 ms (FindLiveObjects: 0.545700 ms CreateObjectMapping: 0.233700 ms MarkObjects: 3.608100 ms  DeleteObjects: 0.171700 ms)

========================================================================
Received Prepare
Registering precompiled user dll's ...
Registered in 0.006175 seconds.
Begin MonoManager ReloadAssembly
Native extension for WindowsStandalone target not found
Native extension for WebGL target not found
Refreshing native plugins compatible for Editor in 0.94 ms, found 2 plugins.
Preloading 0 native plugins for Editor in 0.00 ms.
Mono: successfully reloaded assembly
- Completed reload, in  1.902 seconds
Platform modules already initialized, skipping
Refreshing native plugins compatible for Editor in 1.69 ms, found 2 plugins.
Preloading 0 native plugins for Editor in 0.00 ms.
Unloading 3382 Unused Serialized files (Serialized files now loaded: 0)
System memory in use before: 128.7 MB.
System memory in use after: 128.8 MB.

Unloading 17 unused Assets to reduce memory usage. Loaded Objects now: 3931.
Total: 4.792200 ms (FindLiveObjects: 0.389000 ms CreateObjectMapping: 0.211600 ms MarkObjects: 3.970200 ms  DeleteObjects: 0.219000 ms)

========================================================================
Received Prepare
Registering precompiled user dll's ...
Registered in 0.004254 seconds.
Begin MonoManager ReloadAssembly
Native extension for WindowsStandalone target not found
Native extension for WebGL target not found
Refreshing native plugins compatible for Editor in 0.98 ms, found 2 plugins.
Preloading 0 native plugins for Editor in 0.00 ms.
Mono: successfully reloaded assembly
- Completed reload, in  1.967 seconds
Platform modules already initialized, skipping
Refreshing native plugins compatible for Editor in 0.99 ms, found 2 plugins.
Preloading 0 native plugins for Editor in 0.00 ms.
Unloading 3382 Unused Serialized files (Serialized files now loaded: 0)
System memory in use before: 128.7 MB.
System memory in use after: 128.8 MB.

Unloading 17 unused Assets to reduce memory usage. Loaded Objects now: 3935.
Total: 5.038900 ms (FindLiveObjects: 0.352700 ms CreateObjectMapping: 0.187000 ms MarkObjects: 4.282000 ms  DeleteObjects: 0.214800 ms)

========================================================================
Received Prepare
Registering precompiled user dll's ...
Registered in 0.005415 seconds.
Begin MonoManager ReloadAssembly
Native extension for WindowsStandalone target not found
Native extension for WebGL target not found
Refreshing native plugins compatible for Editor in 1.23 ms, found 2 plugins.
Preloading 0 native plugins for Editor in 0.00 ms.
Mono: successfully reloaded assembly
- Completed reload, in  2.049 seconds
Platform modules already initialized, skipping
Refreshing native plugins compatible for Editor in 1.15 ms, found 2 plugins.
Preloading 0 native plugins for Editor in 0.00 ms.
Unloading 3382 Unused Serialized files (Serialized files now loaded: 0)
System memory in use before: 128.7 MB.
System memory in use after: 128.8 MB.

Unloading 17 unused Assets to reduce memory usage. Loaded Objects now: 3939.
Total: 5.834800 ms (FindLiveObjects: 0.760500 ms CreateObjectMapping: 0.268600 ms MarkObjects: 4.610500 ms  DeleteObjects: 0.192900 ms)

========================================================================
Received Prepare
Registering precompiled user dll's ...
Registered in 0.010487 seconds.
Begin MonoManager ReloadAssembly
Native extension for WindowsStandalone target not found
Native extension for WebGL target not found
Refreshing native plugins compatible for Editor in 1.19 ms, found 2 plugins.
Preloading 0 native plugins for Editor in 0.00 ms.
Mono: successfully reloaded assembly
- Completed reload, in  2.273 seconds
Platform modules already initialized, skipping
Refreshing native plugins compatible for Editor in 1.71 ms, found 2 plugins.
Preloading 0 native plugins for Editor in 0.00 ms.
Unloading 3382 Unused Serialized files (Serialized files now loaded: 0)
System memory in use before: 128.7 MB.
System memory in use after: 128.8 MB.

Unloading 17 unused Assets to reduce memory usage. Loaded Objects now: 3943.
Total: 5.947900 ms (FindLiveObjects: 0.512800 ms CreateObjectMapping: 0.232100 ms MarkObjects: 4.992500 ms  DeleteObjects: 0.207300 ms)

========================================================================
Received Prepare
Registering precompiled user dll's ...
Registered in 0.004840 seconds.
Begin MonoManager ReloadAssembly
Native extension for WindowsStandalone target not found
Native extension for WebGL target not found
Refreshing native plugins compatible for Editor in 1.42 ms, found 2 plugins.
Preloading 0 native plugins for Editor in 0.00 ms.
Mono: successfully reloaded assembly
- Completed reload, in  1.907 seconds
Platform modules already initialized, skipping
Refreshing native plugins compatible for Editor in 1.02 ms, found 2 plugins.
Preloading 0 native plugins for Editor in 0.00 ms.
Unloading 3382 Unused Serialized files (Serialized files now loaded: 0)
System memory in use before: 128.7 MB.
System memory in use after: 128.8 MB.

Unloading 17 unused Assets to reduce memory usage. Loaded Objects now: 3947.
Total: 4.469500 ms (FindLiveObjects: 0.377400 ms CreateObjectMapping: 0.274400 ms MarkObjects: 3.665400 ms  DeleteObjects: 0.150100 ms)

========================================================================
Received Prepare
Registering precompiled user dll's ...
Registered in 0.004388 seconds.
Begin MonoManager ReloadAssembly
Native extension for WindowsStandalone target not found
Native extension for WebGL target not found
Refreshing native plugins compatible for Editor in 0.97 ms, found 2 plugins.
Preloading 0 native plugins for Editor in 0.00 ms.
Mono: successfully reloaded assembly
- Completed reload, in  1.937 seconds
Platform modules already initialized, skipping
Refreshing native plugins compatible for Editor in 0.97 ms, found 2 plugins.
Preloading 0 native plugins for Editor in 0.00 ms.
Unloading 3382 Unused Serialized files (Serialized files now loaded: 0)
System memory in use before: 128.7 MB.
System memory in use after: 128.8 MB.

Unloading 17 unused Assets to reduce memory usage. Loaded Objects now: 3951.
Total: 3.821400 ms (FindLiveObjects: 0.386200 ms CreateObjectMapping: 0.186600 ms MarkObjects: 3.093800 ms  DeleteObjects: 0.152100 ms)

========================================================================
Received Prepare
Registering precompiled user dll's ...
Registered in 0.005095 seconds.
Begin MonoManager ReloadAssembly
Native extension for WindowsStandalone target not found
Native extension for WebGL target not found
Refreshing native plugins compatible for Editor in 1.07 ms, found 2 plugins.
Preloading 0 native plugins for Editor in 0.00 ms.
Mono: successfully reloaded assembly
- Completed reload, in  1.903 seconds
Platform modules already initialized, skipping
Refreshing native plugins compatible for Editor in 1.33 ms, found 2 plugins.
Preloading 0 native plugins for Editor in 0.00 ms.
Unloading 3382 Unused Serialized files (Serialized files now loaded: 0)
System memory in use before: 128.7 MB.
System memory in use after: 128.8 MB.

Unloading 17 unused Assets to reduce memory usage. Loaded Objects now: 3955.
Total: 4.274100 ms (FindLiveObjects: 0.444400 ms CreateObjectMapping: 0.222200 ms MarkObjects: 3.466800 ms  DeleteObjects: 0.138500 ms)

========================================================================
Received Prepare
Registering precompiled user dll's ...
Registered in 0.004543 seconds.
Begin MonoManager ReloadAssembly
Native extension for WindowsStandalone target not found
Native extension for WebGL target not found
Refreshing native plugins compatible for Editor in 1.00 ms, found 2 plugins.
Preloading 0 native plugins for Editor in 0.00 ms.
Mono: successfully reloaded assembly
- Completed reload, in  1.836 seconds
Platform modules already initialized, skipping
Refreshing native plugins compatible for Editor in 1.02 ms, found 2 plugins.
Preloading 0 native plugins for Editor in 0.00 ms.
Unloading 3382 Unused Serialized files (Serialized files now loaded: 0)
System memory in use before: 128.7 MB.
System memory in use after: 128.8 MB.

Unloading 17 unused Assets to reduce memory usage. Loaded Objects now: 3959.
Total: 5.022700 ms (FindLiveObjects: 0.358400 ms CreateObjectMapping: 0.207900 ms MarkObjects: 3.871100 ms  DeleteObjects: 0.583000 ms)

========================================================================
Received Import Request.
  Time since last request: 5013.865324 seconds.
  path: Assets/Prefabs/TestObject.prefab
  artifactKey: Guid(3a362162ff584284980068e84c015fa2) Importer(815301076,1909f56bfc062723c751e8b465ee728b)
Start importing Assets/Prefabs/TestObject.prefab using Guid(3a362162ff584284980068e84c015fa2) Importer(815301076,1909f56bfc062723c751e8b465ee728b)  -> (artifact id: '820b8a3007d09d3922ab3733073b36bc') in 0.078184 seconds 
========================================================================
Received Import Request.
  Time since last request: 0.000460 seconds.
  path: Assets/Prefabs/GameView.prefab
  artifactKey: Guid(7bed1e92a01d2fd4ab3f838d3adf9e56) Importer(815301076,1909f56bfc062723c751e8b465ee728b)
Start importing Assets/Prefabs/GameView.prefab using Guid(7bed1e92a01d2fd4ab3f838d3adf9e56) Importer(815301076,1909f56bfc062723c751e8b465ee728b)  -> (artifact id: '87f1fa9e2b498715f1aaf93c6a5d3f53') in 0.016920 seconds 
========================================================================
Received Import Request.
  Time since last request: 1.892589 seconds.
  path: Assets/Scripts/UIStartMenuController.cs
  artifactKey: Guid(623fe42e6d4ee4648b7d878084ab5010) Importer(815301076,1909f56bfc062723c751e8b465ee728b)
Start importing Assets/Scripts/UIStartMenuController.cs using Guid(623fe42e6d4ee4648b7d878084ab5010) Importer(815301076,1909f56bfc062723c751e8b465ee728b)  -> (artifact id: '0e02a5ef1d3eb8afdbbbb5023094cc93') in 0.012985 seconds 
========================================================================
Received Import Request.
  Time since last request: 7.503465 seconds.
  path: Assets/Scripts/UIMenuController.cs
  artifactKey: Guid(623fe42e6d4ee4648b7d878084ab5010) Importer(815301076,1909f56bfc062723c751e8b465ee728b)
Start importing Assets/Scripts/UIMenuController.cs using Guid(623fe42e6d4ee4648b7d878084ab5010) Importer(815301076,1909f56bfc062723c751e8b465ee728b)  -> (artifact id: '1d6a3eacaf6c47f31e58f64793f2791c') in 0.019238 seconds 
========================================================================
Received Prepare
Registering precompiled user dll's ...
Registered in 0.004773 seconds.
Begin MonoManager ReloadAssembly
Native extension for WindowsStandalone target not found
Native extension for WebGL target not found
Refreshing native plugins compatible for Editor in 2.17 ms, found 2 plugins.
Preloading 0 native plugins for Editor in 0.00 ms.
Mono: successfully reloaded assembly
- Completed reload, in  2.176 seconds
Platform modules already initialized, skipping
Refreshing native plugins compatible for Editor in 1.44 ms, found 2 plugins.
Preloading 0 native plugins for Editor in 0.00 ms.
Unloading 3382 Unused Serialized files (Serialized files now loaded: 0)
System memory in use before: 128.7 MB.
System memory in use after: 128.8 MB.

Unloading 17 unused Assets to reduce memory usage. Loaded Objects now: 3963.
Total: 4.051400 ms (FindLiveObjects: 0.381700 ms CreateObjectMapping: 0.203300 ms MarkObjects: 3.240400 ms  DeleteObjects: 0.224100 ms)

========================================================================
Received Import Request.
  Time since last request: 376.241667 seconds.
  path: Assets/Scripts/GameView.cs
  artifactKey: Guid(67ab0f18c1a77de41ab96c36bee4e7f7) Importer(815301076,1909f56bfc062723c751e8b465ee728b)
Start importing Assets/Scripts/GameView.cs using Guid(67ab0f18c1a77de41ab96c36bee4e7f7) Importer(815301076,1909f56bfc062723c751e8b465ee728b)  -> (artifact id: '78d35c528f50edb9f92492ac6a600769') in 0.046492 seconds 
========================================================================
Received Prepare
Registering precompiled user dll's ...
Registered in 0.005240 seconds.
Begin MonoManager ReloadAssembly
Native extension for WindowsStandalone target not found
Native extension for WebGL target not found
Refreshing native plugins compatible for Editor in 1.26 ms, found 2 plugins.
Preloading 0 native plugins for Editor in 0.00 ms.
Mono: successfully reloaded assembly
- Completed reload, in  2.041 seconds
Platform modules already initialized, skipping
Refreshing native plugins compatible for Editor in 1.00 ms, found 2 plugins.
Preloading 0 native plugins for Editor in 0.00 ms.
Unloading 3382 Unused Serialized files (Serialized files now loaded: 0)
System memory in use before: 128.8 MB.
System memory in use after: 128.9 MB.

Unloading 17 unused Assets to reduce memory usage. Loaded Objects now: 3967.
Total: 5.144200 ms (FindLiveObjects: 0.372500 ms CreateObjectMapping: 0.204800 ms MarkObjects: 4.379200 ms  DeleteObjects: 0.185200 ms)

========================================================================
Received Import Request.
  Time since last request: 600.009422 seconds.
  path: Assets/Scripts/GameView.cs
  artifactKey: Guid(67ab0f18c1a77de41ab96c36bee4e7f7) Importer(815301076,1909f56bfc062723c751e8b465ee728b)
Start importing Assets/Scripts/GameView.cs using Guid(67ab0f18c1a77de41ab96c36bee4e7f7) Importer(815301076,1909f56bfc062723c751e8b465ee728b)  -> (artifact id: 'ca22d7168bb1308d41a096069ee4445b') in 0.023234 seconds 
========================================================================
Received Prepare
Registering precompiled user dll's ...
Registered in 0.004530 seconds.
Begin MonoManager ReloadAssembly
Native extension for WindowsStandalone target not found
Native extension for WebGL target not found
Refreshing native plugins compatible for Editor in 0.83 ms, found 2 plugins.
Preloading 0 native plugins for Editor in 0.00 ms.
Mono: successfully reloaded assembly
- Completed reload, in  1.975 seconds
Platform modules already initialized, skipping
Refreshing native plugins compatible for Editor in 1.12 ms, found 2 plugins.
Preloading 0 native plugins for Editor in 0.00 ms.
Unloading 3382 Unused Serialized files (Serialized files now loaded: 0)
System memory in use before: 128.8 MB.
System memory in use after: 128.9 MB.

Unloading 17 unused Assets to reduce memory usage. Loaded Objects now: 3971.
Total: 4.274700 ms (FindLiveObjects: 0.507000 ms CreateObjectMapping: 0.233000 ms MarkObjects: 3.392900 ms  DeleteObjects: 0.139600 ms)

========================================================================
Received Import Request.
  Time since last request: 34.710610 seconds.
  path: Assets/Scripts/GameView.cs
  artifactKey: Guid(67ab0f18c1a77de41ab96c36bee4e7f7) Importer(815301076,1909f56bfc062723c751e8b465ee728b)
Start importing Assets/Scripts/GameView.cs using Guid(67ab0f18c1a77de41ab96c36bee4e7f7) Importer(815301076,1909f56bfc062723c751e8b465ee728b)  -> (artifact id: '20de7afa5da7d84c2e1bc743d3592e7c') in 0.009910 seconds 
========================================================================
Received Prepare
Registering precompiled user dll's ...
Registered in 0.762033 seconds.
Begin MonoManager ReloadAssembly
Native extension for WindowsStandalone target not found
Native extension for WebGL target not found
Refreshing native plugins compatible for Editor in 1.36 ms, found 2 plugins.
Preloading 0 native plugins for Editor in 0.00 ms.
Mono: successfully reloaded assembly
- Completed reload, in 10.594 seconds
Platform modules already initialized, skipping
Refreshing native plugins compatible for Editor in 1.37 ms, found 2 plugins.
Preloading 0 native plugins for Editor in 0.00 ms.
Unloading 3382 Unused Serialized files (Serialized files now loaded: 0)
System memory in use before: 128.8 MB.
System memory in use after: 128.9 MB.

Unloading 17 unused Assets to reduce memory usage. Loaded Objects now: 3975.
Total: 4.689600 ms (FindLiveObjects: 0.374100 ms CreateObjectMapping: 0.244200 ms MarkObjects: 3.824200 ms  DeleteObjects: 0.244600 ms)

========================================================================
Received Import Request.
  Time since last request: 7300.055489 seconds.
  path: Assets/Scripts/GameView.cs
  artifactKey: Guid(67ab0f18c1a77de41ab96c36bee4e7f7) Importer(815301076,1909f56bfc062723c751e8b465ee728b)
Start importing Assets/Scripts/GameView.cs using Guid(67ab0f18c1a77de41ab96c36bee4e7f7) Importer(815301076,1909f56bfc062723c751e8b465ee728b)  -> (artifact id: 'a915ee6229da11f73c8d6a6a38e34139') in 2.930039 seconds 
========================================================================
Received Prepare
Registering precompiled user dll's ...
Registered in 0.005516 seconds.
Begin MonoManager ReloadAssembly
Native extension for WindowsStandalone target not found
Native extension for WebGL target not found
Refreshing native plugins compatible for Editor in 1.42 ms, found 2 plugins.
Preloading 0 native plugins for Editor in 0.00 ms.
Mono: successfully reloaded assembly
- Completed reload, in  2.124 seconds
Platform modules already initialized, skipping
Refreshing native plugins compatible for Editor in 1.03 ms, found 2 plugins.
Preloading 0 native plugins for Editor in 0.00 ms.
Unloading 3382 Unused Serialized files (Serialized files now loaded: 0)
System memory in use before: 128.8 MB.
System memory in use after: 128.9 MB.

Unloading 17 unused Assets to reduce memory usage. Loaded Objects now: 3979.
Total: 4.001200 ms (FindLiveObjects: 0.394900 ms CreateObjectMapping: 0.186500 ms MarkObjects: 3.258100 ms  DeleteObjects: 0.159700 ms)

========================================================================
Received Prepare
Registering precompiled user dll's ...
Registered in 0.005495 seconds.
Begin MonoManager ReloadAssembly
Native extension for WindowsStandalone target not found
Native extension for WebGL target not found
Refreshing native plugins compatible for Editor in 1.32 ms, found 2 plugins.
Preloading 0 native plugins for Editor in 0.00 ms.
Mono: successfully reloaded assembly
- Completed reload, in  2.291 seconds
Platform modules already initialized, skipping
Refreshing native plugins compatible for Editor in 1.26 ms, found 2 plugins.
Preloading 0 native plugins for Editor in 0.00 ms.
Unloading 3382 Unused Serialized files (Serialized files now loaded: 0)
System memory in use before: 128.8 MB.
System memory in use after: 128.9 MB.

Unloading 17 unused Assets to reduce memory usage. Loaded Objects now: 3983.
Total: 5.703900 ms (FindLiveObjects: 0.464000 ms CreateObjectMapping: 0.208400 ms MarkObjects: 4.822800 ms  DeleteObjects: 0.206000 ms)

========================================================================
Received Import Request.
  Time since last request: 184.082699 seconds.
  path: Assets/Prefabs/GameView.prefab
  artifactKey: Guid(7bed1e92a01d2fd4ab3f838d3adf9e56) Importer(815301076,1909f56bfc062723c751e8b465ee728b)
Start importing Assets/Prefabs/GameView.prefab using Guid(7bed1e92a01d2fd4ab3f838d3adf9e56) Importer(815301076,1909f56bfc062723c751e8b465ee728b)  -> (artifact id: '727d38727fdddc0e0b44dc87de15fa55') in 0.125301 seconds 
========================================================================
Received Prepare
Registering precompiled user dll's ...
Registered in 0.004906 seconds.
Begin MonoManager ReloadAssembly
Native extension for WindowsStandalone target not found
Native extension for WebGL target not found
Refreshing native plugins compatible for Editor in 1.28 ms, found 2 plugins.
Preloading 0 native plugins for Editor in 0.00 ms.
Mono: successfully reloaded assembly
- Completed reload, in  2.178 seconds
Platform modules already initialized, skipping
Refreshing native plugins compatible for Editor in 0.96 ms, found 2 plugins.
Preloading 0 native plugins for Editor in 0.00 ms.
Unloading 3382 Unused Serialized files (Serialized files now loaded: 0)
System memory in use before: 128.8 MB.
System memory in use after: 128.9 MB.

Unloading 17 unused Assets to reduce memory usage. Loaded Objects now: 3987.
Total: 4.642800 ms (FindLiveObjects: 0.527100 ms CreateObjectMapping: 0.311000 ms MarkObjects: 3.663500 ms  DeleteObjects: 0.139400 ms)

========================================================================
Received Prepare
Registering precompiled user dll's ...
Registered in 0.004764 seconds.
Begin MonoManager ReloadAssembly
Native extension for WindowsStandalone target not found
Native extension for WebGL target not found
Refreshing native plugins compatible for Editor in 1.27 ms, found 2 plugins.
Preloading 0 native plugins for Editor in 0.00 ms.
Mono: successfully reloaded assembly
- Completed reload, in  2.402 seconds
Platform modules already initialized, skipping
Refreshing native plugins compatible for Editor in 1.29 ms, found 2 plugins.
Preloading 0 native plugins for Editor in 0.00 ms.
Unloading 3382 Unused Serialized files (Serialized files now loaded: 0)
System memory in use before: 128.8 MB.
System memory in use after: 128.9 MB.

Unloading 17 unused Assets to reduce memory usage. Loaded Objects now: 3991.
Total: 4.345000 ms (FindLiveObjects: 0.414000 ms CreateObjectMapping: 0.208600 ms MarkObjects: 3.580000 ms  DeleteObjects: 0.140000 ms)

========================================================================
Received Import Request.
  Time since last request: 241.808239 seconds.
  path: Assets/Prefabs/TestObject.prefab
  artifactKey: Guid(3a362162ff584284980068e84c015fa2) Importer(815301076,1909f56bfc062723c751e8b465ee728b)
Start importing Assets/Prefabs/TestObject.prefab using Guid(3a362162ff584284980068e84c015fa2) Importer(815301076,1909f56bfc062723c751e8b465ee728b)  -> (artifact id: '8183eb8e028dcf135f017e2f33aff74e') in 0.066196 seconds 
========================================================================
Received Prepare
Registering precompiled user dll's ...
Registered in 0.004303 seconds.
Begin MonoManager ReloadAssembly
Native extension for WindowsStandalone target not found
Native extension for WebGL target not found
Refreshing native plugins compatible for Editor in 0.92 ms, found 2 plugins.
Preloading 0 native plugins for Editor in 0.00 ms.
Mono: successfully reloaded assembly
- Completed reload, in  1.911 seconds
Platform modules already initialized, skipping
Refreshing native plugins compatible for Editor in 1.30 ms, found 2 plugins.
Preloading 0 native plugins for Editor in 0.00 ms.
Unloading 3382 Unused Serialized files (Serialized files now loaded: 0)
System memory in use before: 128.8 MB.
System memory in use after: 128.9 MB.

Unloading 17 unused Assets to reduce memory usage. Loaded Objects now: 3995.
Total: 3.902900 ms (FindLiveObjects: 0.389500 ms CreateObjectMapping: 0.205500 ms MarkObjects: 3.081800 ms  DeleteObjects: 0.223900 ms)

========================================================================
Received Prepare
Registering precompiled user dll's ...
Registered in 0.004437 seconds.
Begin MonoManager ReloadAssembly
Native extension for WindowsStandalone target not found
Native extension for WebGL target not found
Refreshing native plugins compatible for Editor in 1.08 ms, found 2 plugins.
Preloading 0 native plugins for Editor in 0.00 ms.
Mono: successfully reloaded assembly
- Completed reload, in  2.212 seconds
Platform modules already initialized, skipping
Refreshing native plugins compatible for Editor in 1.09 ms, found 2 plugins.
Preloading 0 native plugins for Editor in 0.00 ms.
Unloading 3382 Unused Serialized files (Serialized files now loaded: 0)
System memory in use before: 128.8 MB.
System memory in use after: 128.9 MB.

Unloading 17 unused Assets to reduce memory usage. Loaded Objects now: 3999.
Total: 5.084300 ms (FindLiveObjects: 0.378500 ms CreateObjectMapping: 0.204800 ms MarkObjects: 4.240700 ms  DeleteObjects: 0.254200 ms)

========================================================================
Received Prepare
Registering precompiled user dll's ...
Registered in 0.004109 seconds.
Begin MonoManager ReloadAssembly
Native extension for WindowsStandalone target not found
Native extension for WebGL target not found
Refreshing native plugins compatible for Editor in 1.05 ms, found 2 plugins.
Preloading 0 native plugins for Editor in 0.00 ms.
Mono: successfully reloaded assembly
- Completed reload, in  1.952 seconds
Platform modules already initialized, skipping
Refreshing native plugins compatible for Editor in 1.00 ms, found 2 plugins.
Preloading 0 native plugins for Editor in 0.00 ms.
Unloading 3382 Unused Serialized files (Serialized files now loaded: 0)
System memory in use before: 128.9 MB.
System memory in use after: 129.0 MB.

Unloading 17 unused Assets to reduce memory usage. Loaded Objects now: 4003.
Total: 4.150000 ms (FindLiveObjects: 0.384900 ms CreateObjectMapping: 0.205000 ms MarkObjects: 3.320500 ms  DeleteObjects: 0.237700 ms)

========================================================================
Received Prepare
Registering precompiled user dll's ...
Registered in 0.005356 seconds.
Begin MonoManager ReloadAssembly
Native extension for WindowsStandalone target not found
Native extension for WebGL target not found
Refreshing native plugins compatible for Editor in 0.96 ms, found 2 plugins.
Preloading 0 native plugins for Editor in 0.00 ms.
Mono: successfully reloaded assembly
- Completed reload, in  2.131 seconds
Platform modules already initialized, skipping
Refreshing native plugins compatible for Editor in 1.01 ms, found 2 plugins.
Preloading 0 native plugins for Editor in 0.00 ms.
Unloading 3382 Unused Serialized files (Serialized files now loaded: 0)
System memory in use before: 128.9 MB.
System memory in use after: 129.0 MB.

Unloading 17 unused Assets to reduce memory usage. Loaded Objects now: 4007.
Total: 4.308600 ms (FindLiveObjects: 0.461000 ms CreateObjectMapping: 0.223000 ms MarkObjects: 3.359800 ms  DeleteObjects: 0.262500 ms)

AssetImportWorkerClient::OnTransportError - code=2 error=End of file
